[2025-10-20T23:36:07.541+0000] {local_task_job_runner.py:120} INFO - ::group::Pre task execution logs
[2025-10-20T23:36:07.603+0000] {taskinstance.py:2076} INFO - Dependencies all met for dep_context=non-requeueable deps ti=<TaskInstance: Airflow_Lab1_TaskFlow_FileIO.load_data_task scheduled__2025-10-19T00:00:00+00:00 [queued]>
[2025-10-20T23:36:07.615+0000] {taskinstance.py:2076} INFO - Dependencies all met for dep_context=requeueable deps ti=<TaskInstance: Airflow_Lab1_TaskFlow_FileIO.load_data_task scheduled__2025-10-19T00:00:00+00:00 [queued]>
[2025-10-20T23:36:07.615+0000] {taskinstance.py:2306} INFO - Starting attempt 1 of 2
[2025-10-20T23:36:07.635+0000] {taskinstance.py:2330} INFO - Executing <Task(_PythonDecoratedOperator): load_data_task> on 2025-10-19 00:00:00+00:00
[2025-10-20T23:36:07.694+0000] {warnings.py:112} WARNING - /home/***/.local/lib/python3.12/site-packages/***/task/task_runner/standard_task_runner.py:61: DeprecationWarning: This process (pid=111) is multi-threaded, use of fork() may lead to deadlocks in the child.
  pid = os.fork()

[2025-10-20T23:36:07.717+0000] {standard_task_runner.py:63} INFO - Started process 124 to run task
[2025-10-20T23:36:07.706+0000] {standard_task_runner.py:90} INFO - Running: ['***', 'tasks', 'run', 'Airflow_Lab1_TaskFlow_FileIO', 'load_data_task', 'scheduled__2025-10-19T00:00:00+00:00', '--job-id', '3', '--raw', '--subdir', 'DAGS_FOLDER/***.py', '--cfg-path', '/tmp/tmp0t_92da2']
[2025-10-20T23:36:07.722+0000] {standard_task_runner.py:91} INFO - Job 3: Subtask load_data_task
[2025-10-20T23:36:07.991+0000] {task_command.py:426} INFO - Running <TaskInstance: Airflow_Lab1_TaskFlow_FileIO.load_data_task scheduled__2025-10-19T00:00:00+00:00 [running]> on host 0074cd054b76
[2025-10-20T23:36:08.236+0000] {taskinstance.py:2648} INFO - Exporting env vars: AIRFLOW_CTX_DAG_OWNER='your_name' AIRFLOW_CTX_DAG_ID='Airflow_Lab1_TaskFlow_FileIO' AIRFLOW_CTX_TASK_ID='load_data_task' AIRFLOW_CTX_EXECUTION_DATE='2025-10-19T00:00:00+00:00' AIRFLOW_CTX_TRY_NUMBER='1' AIRFLOW_CTX_DAG_RUN_ID='scheduled__2025-10-19T00:00:00+00:00'
[2025-10-20T23:36:08.238+0000] {taskinstance.py:430} INFO - ::endgroup::
[2025-10-20T23:36:08.239+0000] {airflow.py:55} INFO - Loading data (writes artifact and returns path)
[2025-10-20T23:36:08.398+0000] {python.py:237} INFO - Done. Returned value was: /opt/***/dags/data/loaded.pkl
[2025-10-20T23:36:08.398+0000] {taskinstance.py:441} INFO - ::group::Post task execution logs
[2025-10-20T23:36:08.438+0000] {taskinstance.py:1206} INFO - Marking task as SUCCESS. dag_id=Airflow_Lab1_TaskFlow_FileIO, task_id=load_data_task, run_id=scheduled__2025-10-19T00:00:00+00:00, execution_date=20251019T000000, start_date=20251020T233607, end_date=20251020T233608
[2025-10-20T23:36:08.501+0000] {local_task_job_runner.py:240} INFO - Task exited with return code 0
[2025-10-20T23:36:08.559+0000] {taskinstance.py:3503} INFO - 2 downstream tasks scheduled from follow-on schedule check
[2025-10-20T23:36:08.569+0000] {local_task_job_runner.py:222} INFO - ::endgroup::
