[2025-10-20T23:36:22.215+0000] {local_task_job_runner.py:120} INFO - ::group::Pre task execution logs
[2025-10-20T23:36:22.237+0000] {taskinstance.py:2076} INFO - Dependencies all met for dep_context=non-requeueable deps ti=<TaskInstance: Airflow_Lab1_TaskFlow_FileIO.build_model_task scheduled__2025-10-19T00:00:00+00:00 [queued]>
[2025-10-20T23:36:22.245+0000] {taskinstance.py:2076} INFO - Dependencies all met for dep_context=requeueable deps ti=<TaskInstance: Airflow_Lab1_TaskFlow_FileIO.build_model_task scheduled__2025-10-19T00:00:00+00:00 [queued]>
[2025-10-20T23:36:22.246+0000] {taskinstance.py:2306} INFO - Starting attempt 1 of 2
[2025-10-20T23:36:22.263+0000] {taskinstance.py:2330} INFO - Executing <Task(_PythonDecoratedOperator): build_model_task> on 2025-10-19 00:00:00+00:00
[2025-10-20T23:36:22.280+0000] {warnings.py:112} WARNING - /home/***/.local/lib/python3.12/site-packages/***/task/task_runner/standard_task_runner.py:61: DeprecationWarning: This process (pid=188) is multi-threaded, use of fork() may lead to deadlocks in the child.
  pid = os.fork()

[2025-10-20T23:36:22.284+0000] {standard_task_runner.py:63} INFO - Started process 214 to run task
[2025-10-20T23:36:22.281+0000] {standard_task_runner.py:90} INFO - Running: ['***', 'tasks', 'run', 'Airflow_Lab1_TaskFlow_FileIO', 'build_model_task', 'scheduled__2025-10-19T00:00:00+00:00', '--job-id', '8', '--raw', '--subdir', 'DAGS_FOLDER/***.py', '--cfg-path', '/tmp/tmpbt3o6qqh']
[2025-10-20T23:36:22.287+0000] {standard_task_runner.py:91} INFO - Job 8: Subtask build_model_task
[2025-10-20T23:36:22.456+0000] {task_command.py:426} INFO - Running <TaskInstance: Airflow_Lab1_TaskFlow_FileIO.build_model_task scheduled__2025-10-19T00:00:00+00:00 [running]> on host 0074cd054b76
[2025-10-20T23:36:22.925+0000] {taskinstance.py:2648} INFO - Exporting env vars: AIRFLOW_CTX_DAG_OWNER='your_name' AIRFLOW_CTX_DAG_ID='Airflow_Lab1_TaskFlow_FileIO' AIRFLOW_CTX_TASK_ID='build_model_task' AIRFLOW_CTX_EXECUTION_DATE='2025-10-19T00:00:00+00:00' AIRFLOW_CTX_TRY_NUMBER='1' AIRFLOW_CTX_DAG_RUN_ID='scheduled__2025-10-19T00:00:00+00:00'
[2025-10-20T23:36:22.927+0000] {taskinstance.py:430} INFO - ::endgroup::
[2025-10-20T23:36:22.931+0000] {airflow.py:81} INFO - Building model from /opt/***/dags/data/scaled.npy
[2025-10-20T23:36:37.435+0000] {airflow.py:83} INFO - Model saved as /opt/***/dags/model/model.sav
[2025-10-20T23:36:37.436+0000] {python.py:237} INFO - Done. Returned value was: {'sse': [250.3280420929143, 128.89457877623198, 91.64796947554564, 72.46932731979095, 59.863272852498845, 52.0620423750911, 46.597186677802554, 41.503691835394186, 36.95114238763416, 33.98847132890031, 31.15817578700627, 28.841604325536082, 26.975244440370837, 25.310694604402634, 23.8708785791484, 22.747624804029904, 21.530781456645833, 20.786198216896736, 20.1649550227054, 19.36517825083054, 18.808369593226242, 18.34056086640735, 17.910673647108272, 17.498696101453298, 16.925499000396087, 16.745697587901514, 15.971849566736278, 15.713641610762616, 15.265240945761883, 15.1234886684824, 14.956846830736165, 14.56440486778039, 14.34621976638452, 14.241510405343831, 13.878564948981431, 13.70927007463007, 13.323041961354464, 13.140532592766855, 12.78054756839575, 12.90274377648467, 12.781639801700791, 12.40709411323553, 11.969429488067, 12.042173765648121, 11.862509887788732, 11.759060787676967, 11.511387460490853, 11.70783459627032, 11.459746173831958], 'saved_filename': '/opt/***/dags/model/model.sav'}
[2025-10-20T23:36:37.437+0000] {taskinstance.py:441} INFO - ::group::Post task execution logs
[2025-10-20T23:36:37.472+0000] {taskinstance.py:1206} INFO - Marking task as SUCCESS. dag_id=Airflow_Lab1_TaskFlow_FileIO, task_id=build_model_task, run_id=scheduled__2025-10-19T00:00:00+00:00, execution_date=20251019T000000, start_date=20251020T233622, end_date=20251020T233637
[2025-10-20T23:36:37.522+0000] {local_task_job_runner.py:240} INFO - Task exited with return code 0
[2025-10-20T23:36:37.551+0000] {taskinstance.py:3503} INFO - 1 downstream tasks scheduled from follow-on schedule check
[2025-10-20T23:36:37.556+0000] {local_task_job_runner.py:222} INFO - ::endgroup::
